<?xml version="1.0" encoding="UTF-8"?>
<!-- Generated by org.testng.reporters.JUnitXMLReporter -->
<testsuite ignored="0" hostname="Arpit" failures="1" tests="6" name="Test" time="32.964" errors="0" timestamp="2024-01-08T21:10:21 IST">
  <testcase classname="pTestCases.LoginTest" name="login" time="6.249"/>
  <testcase classname="pTestCases.LoginTest" name="loginwithInvalidCredentials" time="3.055"/>
  <testcase classname="pTestCases.LoginTest" name="loginwithoutCredentials" time="3.135"/>
  <testcase classname="pTestCases.RegisterAccountTest" name="registerValidUser" time="3.916"/>
  <testcase classname="pTestCases.RegisterAccountTest" name="toValidateFieldAremandatoryOrNot" time="3.94"/>
  <testcase classname="pTestCases.RegisterAccountTest" name="toValidatePrivacyPolicy" time="12.53">
    <failure type="org.openqa.selenium.NoSuchElementException" message="Unable to find element with locator By.xpath: //div[contains(text(),&amp;quot;Warning: E-Mail Address is already registered!&amp;quot;)]
For documentation on this error, please visit: https://www.selenium.dev/documentation/webdriver/troubleshooting/errors#no-such-element-exception
Build info: version: &amp;apos;4.12.1&amp;apos;, revision: &amp;apos;8e34639b11&amp;apos;
System info: os.name: &amp;apos;Windows 11&amp;apos;, os.arch: &amp;apos;amd64&amp;apos;, os.version: &amp;apos;10.0&amp;apos;, java.version: &amp;apos;11.0.21&amp;apos;
Driver info: driver.version: RemoteWebDriver">
      <![CDATA[org.openqa.selenium.NoSuchElementException: Unable to find element with locator By.xpath: //div[contains(text(),"Warning: E-Mail Address is already registered!")]
For documentation on this error, please visit: https://www.selenium.dev/documentation/webdriver/troubleshooting/errors#no-such-element-exception
Build info: version: '4.12.1', revision: '8e34639b11'
System info: os.name: 'Windows 11', os.arch: 'amd64', os.version: '10.0', java.version: '11.0.21'
Driver info: driver.version: RemoteWebDriver
at org.openqa.selenium.remote.ElementLocation$ElementFinder$2.findElement(ElementLocation.java:168)
at org.openqa.selenium.remote.ElementLocation.findElement(ElementLocation.java:59)
at org.openqa.selenium.remote.RemoteWebDriver.findElement(RemoteWebDriver.java:359)
at org.openqa.selenium.remote.RemoteWebDriver.findElement(RemoteWebDriver.java:353)
at pTestCases.RegisterAccountTest.toValidatePrivacyPolicy(RegisterAccountTest.java:73)
at java.base/java.util.ArrayList.forEach(ArrayList.java:1541)
... Removed 27 stack frames]]>
    </failure>
  </testcase> <!-- toValidatePrivacyPolicy -->
</testsuite> <!-- Test -->
